<?xml version="1.0" encoding="UTF-8"?>
<!-- Generated by org.testng.reporters.JUnitXMLReporter -->
<testsuite hostname="ATMECSINLT-065" ignored="0" name="Test" tests="2" failures="0" timestamp="2019-08-29T12:36:17 IST" time="0.176" errors="0">
  <testcase name="@BeforeTest setup" time="0.064" classname="com.BaseClass.BaseClass">
    <failure type="java.lang.NoClassDefFoundError" message="org/openqa/selenium/remote/AbstractDriverOptions">
      <![CDATA[java.lang.NoClassDefFoundError: org/openqa/selenium/remote/AbstractDriverOptions
at java.lang.ClassLoader.defineClass1(Native Method)
at java.lang.ClassLoader.defineClass(Unknown Source)
at java.security.SecureClassLoader.defineClass(Unknown Source)
at java.net.URLClassLoader.defineClass(Unknown Source)
at java.net.URLClassLoader.access$100(Unknown Source)
at java.net.URLClassLoader$1.run(Unknown Source)
at java.net.URLClassLoader$1.run(Unknown Source)
at java.security.AccessController.doPrivileged(Native Method)
at java.net.URLClassLoader.findClass(Unknown Source)
at java.lang.ClassLoader.loadClass(Unknown Source)
at sun.misc.Launcher$AppClassLoader.loadClass(Unknown Source)
at java.lang.ClassLoader.loadClass(Unknown Source)
at org.openqa.selenium.firefox.FirefoxDriver.<init>(FirefoxDriver.java:132)
at com.BaseClass.BaseClass.setup(BaseClass.java:28)
Caused by: java.lang.ClassNotFoundException: org.openqa.selenium.remote.AbstractDriverOptions
at java.net.URLClassLoader.findClass(Unknown Source)
at java.lang.ClassLoader.loadClass(Unknown Source)
at sun.misc.Launcher$AppClassLoader.loadClass(Unknown Source)
at java.lang.ClassLoader.loadClass(Unknown Source)
... 38 more
... Removed 24 stack frames]]>
    </failure>
  </testcase> <!-- @BeforeTest setup -->
  <testcase name="@AfterClass TearDown" time="-1.567062377113E9" classname="com.DemoAuto.Registration">
    <skipped/>
  </testcase> <!-- @AfterClass TearDown -->
  <testcase name="setUp" time="0.0" classname="com.DemoAuto.Registration">
    <skipped/>
  </testcase> <!-- setUp -->
  <testcase name="registration" time="0.0" classname="com.DemoAuto.Registration">
    <skipped/>
  </testcase> <!-- registration -->
</testsuite> <!-- Test -->
